f:\experiments\opengl\game_try1\game_try1\debug\vc140.pdb
f:\experiments\opengl\game_try1\game_try1\debug\vc140.idb
f:\experiments\opengl\game_try1\game_try1\debug\intro.obj
f:\experiments\opengl\game_try1\game_try1\debug\maze.obj
f:\experiments\opengl\game_try1\game_try1\debug\menu.obj
f:\experiments\opengl\game_try1\game_try1\debug\score1.obj
f:\experiments\opengl\game_try1\game_try1\debug\source.obj
f:\experiments\opengl\game_try1\game_try1\debug\story1.obj
f:\experiments\opengl\game_try1\game_try1\debug\story2.obj
f:\experiments\opengl\game_try1\game_try1\debug\highscore.obj
f:\experiments\opengl\game_try1\game_try1\debug\story3.obj
f:\experiments\opengl\game_try1\game_try1\debug\story4.obj
f:\experiments\opengl\game_try1\debug\game_try1.ilk
f:\experiments\opengl\game_try1\debug\game_try1.exe
f:\experiments\opengl\game_try1\debug\game_try1.pdb
f:\experiments\opengl\game_try1\game_try1\debug\game_try1.tlog\cl.command.1.tlog
f:\experiments\opengl\game_try1\game_try1\debug\game_try1.tlog\cl.read.1.tlog
f:\experiments\opengl\game_try1\game_try1\debug\game_try1.tlog\cl.write.1.tlog
f:\experiments\opengl\game_try1\game_try1\debug\game_try1.tlog\link.command.1.tlog
f:\experiments\opengl\game_try1\game_try1\debug\game_try1.tlog\link.read.1.tlog
f:\experiments\opengl\game_try1\game_try1\debug\game_try1.tlog\link.write.1.tlog
